<?xml version="1.0" encoding="UTF-8"?>
<!-- Generated by org.testng.reporters.JUnitReportReporter -->
<testsuite hostname="DESKTOP-0DVVPP6" failures="0" tests="2" name="qa.testceses.StandAloneTestCases" time="78.889" errors="0" timestamp="2024-09-28T19:36:38 IST" skipped="0">
  <testcase classname="qa.testceses.StandAloneTestCases" name="submitIrder" time="52.310"/>
  <testcase classname="qa.testceses.StandAloneTestCases" name="submitIrder" time="26.579"/>
</testsuite> <!-- qa.testceses.StandAloneTestCases -->
