<?xml version="1.0" encoding="UTF-8"?>
<!-- Generated by org.testng.reporters.JUnitReportReporter -->
<testsuite hostname="DESKTOP-0DVVPP6" failures="0" tests="3" name="qa.testceses.StandAloneTestCases" time="79.331" errors="0" timestamp="2024-09-28T19:41:18 IST" skipped="0">
  <testcase classname="qa.testceses.StandAloneTestCases" name="orderHistoryTest" time="11.569"/>
  <testcase classname="qa.testceses.StandAloneTestCases" name="submitIrder" time="31.085"/>
  <testcase classname="qa.testceses.StandAloneTestCases" name="submitIrder" time="36.677"/>
</testsuite> <!-- qa.testceses.StandAloneTestCases -->
